# JRE version: OpenJDK Runtime Environment (11.0.13) (build 11.0.13+0-b1751.21-8125866)
# Java VM: OpenJDK 64-Bit Server VM (11.0.13+0-b1751.21-8125866, mixed mode, tiered, compressed oops, g1 gc, windows-amd64)
Heap:
 garbage-first heap   total 189440K, used 73362K [0x0000000080000000, 0x0000000100000000)
  region size 1024K, 1 young (1024K), 1 survivors (1024K)
 Metaspace       used 47769K, capacity 49156K, committed 49480K, reserved 1091584K
  class space    used 6034K, capacity 6532K, committed 6656K, reserved 1048576K
GC Heap History (20 events):
Event: 1.239 GC heap after
{Heap after GC invocations=2 (full 0):
 garbage-first heap   total 131072K, used 9389K [0x0000000080000000, 0x0000000100000000)
  region size 1024K, 2 young (2048K), 2 survivors (2048K)
 Metaspace       used 9820K, capacity 9960K, committed 10112K, reserved 1058816K
  class space    used 1006K, capacity 1069K, committed 1152K, reserved 1048576K
}
Event: 2.023 GC heap before
{Heap before GC invocations=2 (full 0):
 garbage-first heap   total 131072K, used 36013K [0x0000000080000000, 0x0000000100000000)
  region size 1024K, 28 young (28672K), 2 survivors (2048K)
 Metaspace       used 10872K, capacity 11077K, committed 11264K, reserved 1058816K
  class space    used 1112K, capacity 1207K, committed 1280K, reserved 1048576K
}
Event: 2.026 GC heap after
{Heap after GC invocations=3 (full 0):
 garbage-first heap   total 131072K, used 10426K [0x0000000080000000, 0x0000000100000000)
  region size 1024K, 3 young (3072K), 3 survivors (3072K)
 Metaspace       used 10872K, capacity 11077K, committed 11264K, reserved 1058816K
  class space    used 1112K, capacity 1207K, committed 1280K, reserved 1048576K
}
Event: 3.830 GC heap before
{Heap before GC invocations=3 (full 0):
 garbage-first heap   total 131072K, used 50362K [0x0000000080000000, 0x0000000100000000)
  region size 1024K, 42 young (43008K), 3 survivors (3072K)
 Metaspace       used 17431K, capacity 17796K, committed 18048K, reserved 1064960K
  class space    used 1981K, capacity 2116K, committed 2176K, reserved 1048576K
}
Event: 3.839 GC heap after
{Heap after GC invocations=4 (full 0):
 garbage-first heap   total 131072K, used 15809K [0x0000000080000000, 0x0000000100000000)
  region size 1024K, 6 young (6144K), 6 survivors (6144K)
 Metaspace       used 17431K, capacity 17796K, committed 18048K, reserved 1064960K
  class space    used 1981K, capacity 2116K, committed 2176K, reserved 1048576K
}
Event: 4.208 GC heap before
{Heap before GC invocations=4 (full 0):
 garbage-first heap   total 131072K, used 47553K [0x0000000080000000, 0x0000000100000000)
  region size 1024K, 38 young (38912K), 6 survivors (6144K)
 Metaspace       used 20722K, capacity 21156K, committed 21296K, reserved 1069056K
  class space    used 2510K, capacity 2663K, committed 2688K, reserved 1048576K
}
Event: 4.219 GC heap after
{Heap after GC invocations=5 (full 0):
 garbage-first heap   total 131072K, used 17191K [0x0000000080000000, 0x0000000100000000)
  region size 1024K, 2 young (2048K), 2 survivors (2048K)
 Metaspace       used 20722K, capacity 21156K, committed 21296K, reserved 1069056K
  class space    used 2510K, capacity 2663K, committed 2688K, reserved 1048576K
}
Event: 4.893 GC heap before
{Heap before GC invocations=6 (full 0):
 garbage-first heap   total 131072K, used 66343K [0x0000000080000000, 0x0000000100000000)
  region size 1024K, 50 young (51200K), 2 survivors (2048K)
 Metaspace       used 25823K, capacity 26399K, committed 26544K, reserved 1073152K
  class space    used 3327K, capacity 3565K, committed 3584K, reserved 1048576K
}
Event: 4.899 GC heap after
{Heap after GC invocations=7 (full 0):
 garbage-first heap   total 131072K, used 18735K [0x0000000080000000, 0x0000000100000000)
  region size 1024K, 3 young (3072K), 3 survivors (3072K)
 Metaspace       used 25823K, capacity 26399K, committed 26544K, reserved 1073152K
  class space    used 3327K, capacity 3565K, committed 3584K, reserved 1048576K
}
Event: 5.833 GC heap before
{Heap before GC invocations=7 (full 0):
 garbage-first heap   total 131072K, used 99631K [0x0000000080000000, 0x0000000100000000)
  region size 1024K, 65 young (66560K), 3 survivors (3072K)
 Metaspace       used 31147K, capacity 31962K, committed 32048K, reserved 1077248K
  class space    used 4143K, capacity 4439K, committed 4480K, reserved 1048576K
}
Event: 5.845 GC heap after
{Heap after GC invocations=8 (full 0):
 garbage-first heap   total 131072K, used 43607K [0x0000000080000000, 0x0000000100000000)
  region size 1024K, 9 young (9216K), 9 survivors (9216K)
 Metaspace       used 31147K, capacity 31962K, committed 32048K, reserved 1077248K
  class space    used 4143K, capacity 4439K, committed 4480K, reserved 1048576K
}
Event: 6.395 GC heap before
{Heap before GC invocations=8 (full 0):
 garbage-first heap   total 131072K, used 66135K [0x0000000080000000, 0x0000000100000000)
  region size 1024K, 32 young (32768K), 9 survivors (9216K)
 Metaspace       used 34615K, capacity 35533K, committed 35632K, reserved 1079296K
  class space    used 4585K, capacity 4926K, committed 4992K, reserved 1048576K
}
Event: 6.412 GC heap after
{Heap after GC invocations=9 (full 0):
 garbage-first heap   total 157696K, used 46068K [0x0000000080000000, 0x0000000100000000)
  region size 1024K, 2 young (2048K), 2 survivors (2048K)
 Metaspace       used 34615K, capacity 35533K, committed 35632K, reserved 1079296K
  class space    used 4585K, capacity 4926K, committed 4992K, reserved 1048576K
}
Event: 7.517 GC heap before
{Heap before GC invocations=10 (full 0):
 garbage-first heap   total 157696K, used 99316K [0x0000000080000000, 0x0000000100000000)
  region size 1024K, 52 young (53248K), 2 survivors (2048K)
 Metaspace       used 41334K, capacity 42404K, committed 42568K, reserved 1087488K
  class space    used 5192K, capacity 5570K, committed 5632K, reserved 1048576K
}
Event: 7.530 GC heap after
{Heap after GC invocations=11 (full 0):
 garbage-first heap   total 157696K, used 51770K [0x0000000080000000, 0x0000000100000000)
  region size 1024K, 7 young (7168K), 7 survivors (7168K)
 Metaspace       used 41334K, capacity 42404K, committed 42568K, reserved 1087488K
  class space    used 5192K, capacity 5570K, committed 5632K, reserved 1048576K
}
Event: 8.369 GC heap before
{Heap before GC invocations=11 (full 0):
 garbage-first heap   total 157696K, used 114234K [0x0000000080000000, 0x0000000100000000)
  region size 1024K, 57 young (58368K), 7 survivors (7168K)
 Metaspace       used 44530K, capacity 45708K, committed 45896K, reserved 1089536K
  class space    used 5672K, capacity 6131K, committed 6144K, reserved 1048576K
}
Event: 8.384 GC heap after
{Heap after GC invocations=12 (full 0):
 garbage-first heap   total 157696K, used 69126K [0x0000000080000000, 0x0000000100000000)
  region size 1024K, 6 young (6144K), 6 survivors (6144K)
 Metaspace       used 44530K, capacity 45708K, committed 45896K, reserved 1089536K
  class space    used 5672K, capacity 6131K, committed 6144K, reserved 1048576K
}
Event: 8.987 GC heap before
{Heap before GC invocations=12 (full 0):
 garbage-first heap   total 157696K, used 114182K [0x0000000080000000, 0x0000000100000000)
  region size 1024K, 50 young (51200K), 6 survivors (6144K)
 Metaspace       used 47431K, capacity 48816K, committed 49096K, reserved 1091584K
  class space    used 5973K, capacity 6461K, committed 6528K, reserved 1048576K
}
Event: 8.999 GC heap after
{Heap after GC invocations=13 (full 0):
 garbage-first heap   total 157696K, used 72806K [0x0000000080000000, 0x0000000100000000)
  region size 1024K, 4 young (4096K), 4 survivors (4096K)
 Metaspace       used 47431K, capacity 48816K, committed 49096K, reserved 1091584K
  class space    used 5973K, capacity 6461K, committed 6528K, reserved 1048576K
}
Event: 9.050 GC heap before
{Heap before GC invocations=13 (full 0):
 garbage-first heap   total 157696K, used 76902K [0x0000000080000000, 0x0000000100000000)
  region size 1024K, 9 young (9216K), 4 survivors (4096K)
 Metaspace       used 47769K, capacity 49156K, committed 49480K, reserved 1091584K
  class space    used 6034K, capacity 6532K, committed 6656K, reserved 1048576K
}

