# JRE version: OpenJDK Runtime Environment (11.0.13) (build 11.0.13+0-b1751.21-8125866)
# Java VM: OpenJDK 64-Bit Server VM (11.0.13+0-b1751.21-8125866, mixed mode, tiered, compressed oops, g1 gc, windows-amd64)
Heap:
 garbage-first heap   total 662528K, used 332800K [0x0000000080000000, 0x0000000100000000)
  region size 1024K, 9 young (9216K), 9 survivors (9216K)
 Metaspace       used 154766K, capacity 158735K, committed 163968K, reserved 1191936K
  class space    used 18526K, capacity 19960K, committed 20864K, reserved 1048576K
GC Heap History (20 events):
Event: 1964.034 GC heap after
{Heap after GC invocations=102 (full 0):
 garbage-first heap   total 477184K, used 390643K [0x0000000080000000, 0x0000000100000000)
  region size 1024K, 1 young (1024K), 1 survivors (1024K)
 Metaspace       used 156994K, capacity 161594K, committed 161792K, reserved 1191936K
  class space    used 18585K, capacity 20165K, committed 20224K, reserved 1048576K
}
Event: 1964.634 GC heap before
{Heap before GC invocations=102 (full 0):
 garbage-first heap   total 477184K, used 421363K [0x0000000080000000, 0x0000000100000000)
  region size 1024K, 32 young (32768K), 1 survivors (1024K)
 Metaspace       used 157161K, capacity 161778K, committed 162048K, reserved 1191936K
  class space    used 18596K, capacity 20202K, committed 20224K, reserved 1048576K
}
Event: 1964.642 GC heap after
{Heap after GC invocations=103 (full 0):
 garbage-first heap   total 477184K, used 393926K [0x0000000080000000, 0x0000000100000000)
  region size 1024K, 4 young (4096K), 4 survivors (4096K)
 Metaspace       used 157161K, capacity 161778K, committed 162048K, reserved 1191936K
  class space    used 18596K, capacity 20202K, committed 20224K, reserved 1048576K
}
Event: 1965.354 GC heap before
{Heap before GC invocations=103 (full 0):
 garbage-first heap   total 477184K, used 420550K [0x0000000080000000, 0x0000000100000000)
  region size 1024K, 31 young (31744K), 4 survivors (4096K)
 Metaspace       used 158050K, capacity 162605K, committed 162688K, reserved 1191936K
  class space    used 18701K, capacity 20284K, committed 20352K, reserved 1048576K
}
Event: 1965.365 GC heap after
{Heap after GC invocations=104 (full 0):
 garbage-first heap   total 477184K, used 394849K [0x0000000080000000, 0x0000000100000000)
  region size 1024K, 1 young (1024K), 1 survivors (1024K)
 Metaspace       used 158050K, capacity 162605K, committed 162688K, reserved 1191936K
  class space    used 18701K, capacity 20284K, committed 20352K, reserved 1048576K
}
Event: 1966.981 GC heap before
{Heap before GC invocations=104 (full 0):
 garbage-first heap   total 477184K, used 421473K [0x0000000080000000, 0x0000000100000000)
  region size 1024K, 28 young (28672K), 1 survivors (1024K)
 Metaspace       used 158205K, capacity 162721K, committed 162944K, reserved 1191936K
  class space    used 18717K, capacity 20321K, committed 20352K, reserved 1048576K
}
Event: 1966.988 GC heap after
{Heap after GC invocations=105 (full 0):
 garbage-first heap   total 477184K, used 396033K [0x0000000080000000, 0x0000000100000000)
  region size 1024K, 3 young (3072K), 3 survivors (3072K)
 Metaspace       used 158205K, capacity 162721K, committed 162944K, reserved 1191936K
  class space    used 18717K, capacity 20321K, committed 20352K, reserved 1048576K
}
Event: 1968.288 GC heap before
{Heap before GC invocations=105 (full 0):
 garbage-first heap   total 477184K, used 417537K [0x0000000080000000, 0x0000000100000000)
  region size 1024K, 16 young (16384K), 3 survivors (3072K)
 Metaspace       used 158463K, capacity 163090K, committed 163200K, reserved 1191936K
  class space    used 18744K, capacity 20330K, committed 20352K, reserved 1048576K
}
Event: 1968.296 GC heap after
{Heap after GC invocations=106 (full 0):
 garbage-first heap   total 477184K, used 410867K [0x0000000080000000, 0x0000000100000000)
  region size 1024K, 4 young (4096K), 4 survivors (4096K)
 Metaspace       used 158463K, capacity 163090K, committed 163200K, reserved 1191936K
  class space    used 18744K, capacity 20330K, committed 20352K, reserved 1048576K
}
Event: 1968.950 GC heap before
{Heap before GC invocations=106 (full 0):
 garbage-first heap   total 477184K, used 357619K [0x0000000080000000, 0x0000000100000000)
  region size 1024K, 23 young (23552K), 4 survivors (4096K)
 Metaspace       used 152012K, capacity 155975K, committed 163968K, reserved 1191936K
  class space    used 18018K, capacity 19423K, committed 20864K, reserved 1048576K
}
Event: 1968.965 GC heap after
{Heap after GC invocations=107 (full 0):
 garbage-first heap   total 477184K, used 332321K [0x0000000080000000, 0x0000000100000000)
  region size 1024K, 3 young (3072K), 3 survivors (3072K)
 Metaspace       used 152012K, capacity 155975K, committed 163968K, reserved 1191936K
  class space    used 18018K, capacity 19423K, committed 20864K, reserved 1048576K
}
Event: 1969.505 GC heap before
{Heap before GC invocations=108 (full 0):
 garbage-first heap   total 477184K, used 404001K [0x0000000080000000, 0x0000000100000000)
  region size 1024K, 58 young (59392K), 3 survivors (3072K)
 Metaspace       used 152337K, capacity 156303K, committed 163968K, reserved 1191936K
  class space    used 18061K, capacity 19489K, committed 20864K, reserved 1048576K
}
Event: 1969.555 GC heap after
{Heap after GC invocations=109 (full 0):
 garbage-first heap   total 477184K, used 359777K [0x0000000080000000, 0x0000000100000000)
  region size 1024K, 8 young (8192K), 8 survivors (8192K)
 Metaspace       used 152337K, capacity 156303K, committed 163968K, reserved 1191936K
  class space    used 18061K, capacity 19489K, committed 20864K, reserved 1048576K
}
Event: 1969.743 GC heap before
{Heap before GC invocations=109 (full 0):
 garbage-first heap   total 477184K, used 374113K [0x0000000080000000, 0x0000000100000000)
  region size 1024K, 23 young (23552K), 8 survivors (8192K)
 Metaspace       used 153577K, capacity 157556K, committed 163968K, reserved 1191936K
  class space    used 18377K, capacity 19803K, committed 20864K, reserved 1048576K
}
Event: 1969.789 GC heap after
{Heap after GC invocations=110 (full 0):
 garbage-first heap   total 477184K, used 317426K [0x0000000080000000, 0x0000000100000000)
  region size 1024K, 3 young (3072K), 3 survivors (3072K)
 Metaspace       used 153577K, capacity 157556K, committed 163968K, reserved 1191936K
  class space    used 18377K, capacity 19803K, committed 20864K, reserved 1048576K
}
Event: 1970.158 GC heap before
{Heap before GC invocations=110 (full 0):
 garbage-first heap   total 477184K, used 337906K [0x0000000080000000, 0x0000000100000000)
  region size 1024K, 23 young (23552K), 3 survivors (3072K)
 Metaspace       used 154661K, capacity 158664K, committed 163968K, reserved 1191936K
  class space    used 18525K, capacity 19959K, committed 20864K, reserved 1048576K
}
Event: 1970.233 GC heap after
{Heap after GC invocations=111 (full 0):
 garbage-first heap   total 477184K, used 291840K [0x0000000080000000, 0x0000000100000000)
  region size 1024K, 3 young (3072K), 3 survivors (3072K)
 Metaspace       used 154661K, capacity 158664K, committed 163968K, reserved 1191936K
  class space    used 18525K, capacity 19959K, committed 20864K, reserved 1048576K
}
Event: 1970.352 GC heap before
{Heap before GC invocations=111 (full 0):
 garbage-first heap   total 477184K, used 311296K [0x0000000080000000, 0x0000000100000000)
  region size 1024K, 23 young (23552K), 3 survivors (3072K)
 Metaspace       used 154695K, capacity 158668K, committed 163968K, reserved 1191936K
  class space    used 18526K, capacity 19960K, committed 20864K, reserved 1048576K
}
Event: 1970.413 GC heap after
{Heap after GC invocations=112 (full 0):
 garbage-first heap   total 477184K, used 300032K [0x0000000080000000, 0x0000000100000000)
  region size 1024K, 3 young (3072K), 3 survivors (3072K)
 Metaspace       used 154695K, capacity 158668K, committed 163968K, reserved 1191936K
  class space    used 18526K, capacity 19960K, committed 20864K, reserved 1048576K
}
Event: 1970.804 GC heap before
{Heap before GC invocations=112 (full 0):
 garbage-first heap   total 477184K, used 362496K [0x0000000080000000, 0x0000000100000000)
  region size 1024K, 65 young (66560K), 3 survivors (3072K)
 Metaspace       used 154766K, capacity 158735K, committed 163968K, reserved 1191936K
  class space    used 18526K, capacity 19960K, committed 20864K, reserved 1048576K
}

